
 %%%%%%%%%%%%%%%%%%%%%%%%%%%%%%%%%%%%%%%%%%%%%%%%%%%%%%%%%%%%%%%%%%%%%%%%
 Non-linear, least squares solver started

 Number of Datasets :            3
 Number of independent parameters :            2
 Initial parameters :
   5.5099999999999998     
   2.2799999999999998     
 Derivative type : central
 h scale factor of :    9.9999999999999995E-007

 ~~~~~~~~~~~~~~~~~~~~
 Starting Marquardt optimization

 Initial sum of squares vector :
   3.1730007765241584        1.2425432275867601       0.53658807895094807     
 Initial sum of sum of squares is...   4.9521320830618665     

 first partial derivative vector
 -0.13824686501253200      -0.13066992231850258     

 second partial derivative matrix
   9.2708696971717325E-002 -0.18943076777283049     
 -0.18943076777283049       0.47005310964497865     

 matrix alpha
   9.3635783941434500E-002 -0.18943076777283049     
 -0.18943076777283049       0.47475364074142845     

 inverted alpha
   55.397716432418989        22.104163204027294     
   22.104163204027298        10.926106008610937     

 trial parameters
  -5.0369099144209049       -2.2035446900710540     

 Trial sum of squares vector :
   9.6224568265062973E+018   4.6567472669633884E+018   8.9124688883142285E+017
 Trial sum of sum of squares is...   1.5170450982301108E+019

 No improvement, adjusting lambda

 ================================================================================
   SUMMARY OF ITERATION           0
 --------------------------------------------------------------------------------
   PARAMETERS
   old      new      change      %  
   5.5099999999999998        5.5099999999999998        0.0000000000000000        0.0000000000000000     
   2.2799999999999998        2.2799999999999998        0.0000000000000000        0.0000000000000000     
 -----------
 SUM OF SQUARE DIFFERENCES
   old      new      change      %  
   3.1730007765241584        3.1730007765241584        0.0000000000000000        0.0000000000000000     
   1.2425432275867601        1.2425432275867601        0.0000000000000000        0.0000000000000000     
  0.53658807895094807       0.53658807895094807        0.0000000000000000        0.0000000000000000     
 -----------
 SUM OF SUM OF SQUARE DIFFERENCES
   old      new      change      %  
   4.9521320830618665        4.9521320830618665        0.0000000000000000        0.0000000000000000     
 ================================================================================

 New lambda :   0.10000000000000001     
 ~~~~~~~~~~~~~~~~~~~~~~~~~~~~~~~~~~~~~~~~~~~~~~~~~~~~~~~~~
 Iteration :            1

 Starting parameters
   5.5099999999999998        2.2799999999999998     
 Lambda :   0.10000000000000001     

 first partial derivative vector
 -0.13824686501253200      -0.13066992231850258     

 second partial derivative matrix
   9.2708696971717325E-002 -0.18943076777283049     
 -0.18943076777283049       0.47005310964497865     

 matrix alpha
  0.10197956666888906      -0.18943076777283049     
 -0.18943076777283049       0.51705842060947660     

 inverted alpha
   30.694379417505907        11.245266738940218     
   11.245266738940222        6.0538604293070666     

 trial parameters
 -0.20281985920353929       -6.5680344912796063E-002

 Trial sum of squares vector :
   58.499653895938955        34.491074162284562        3.1530006918748059     
 Trial sum of sum of squares is...   96.143728750098319     

 No improvement, adjusting lambda

 ================================================================================
   SUMMARY OF ITERATION           1
 --------------------------------------------------------------------------------
   PARAMETERS
   old      new      change      %  
   5.5099999999999998        5.5099999999999998        0.0000000000000000        0.0000000000000000     
   2.2799999999999998        2.2799999999999998        0.0000000000000000        0.0000000000000000     
 -----------
 SUM OF SQUARE DIFFERENCES
   old      new      change      %  
   3.1730007765241584        3.1730007765241584        0.0000000000000000        0.0000000000000000     
   1.2425432275867601        1.2425432275867601        0.0000000000000000        0.0000000000000000     
  0.53658807895094807       0.53658807895094807        0.0000000000000000        0.0000000000000000     
 -----------
 SUM OF SUM OF SQUARE DIFFERENCES
   old      new      change      %  
   4.9521320830618665        4.9521320830618665        0.0000000000000000        0.0000000000000000     
 ================================================================================

 New lambda :    1.0000000000000000     
 ~~~~~~~~~~~~~~~~~~~~~~~~~~~~~~~~~~~~~~~~~~~~~~~~~~~~~~~~~
 Iteration :            2

 Starting parameters
   5.5099999999999998        2.2799999999999998     
 Lambda :    1.0000000000000000     

 first partial derivative vector
 -0.13824686501253200      -0.13066992231850258     

 second partial derivative matrix
   9.2708696971717325E-002 -0.18943076777283049     
 -0.18943076777283049       0.47005310964497865     

 matrix alpha
  0.18541739394343465      -0.18943076777283049     
 -0.18943076777283049       0.94010621928995730     

 inverted alpha
   6.7912995883064990        1.3684422768310800     
   1.3684422768310798        1.3394497827107008     

 trial parameters
   4.3923098765448554        1.9157913462211491     

 Trial sum of squares vector :
   2.8684873852298800        1.0241928194412664       0.58959021745079221     
 Trial sum of sum of squares is...   4.4822704221219380     

 Adopting new parameters

 ================================================================================
   SUMMARY OF ITERATION           2
 --------------------------------------------------------------------------------
   PARAMETERS
   old      new      change      %  
   5.5099999999999998        4.3923098765448554       -1.1176901234551444       -20.284757231490826     
   2.2799999999999998        1.9157913462211491      -0.36420865377885070       -15.974063762230296     
 -----------
 SUM OF SQUARE DIFFERENCES
   old      new      change      %  
   3.1730007765241584        2.8684873852298800      -0.30451339129427835       -9.5970159713561571     
   1.2425432275867601        1.0241928194412664      -0.21835040814549367       -17.572862118412491     
  0.53658807895094807       0.58959021745079221        5.3002138499844142E-002   9.8776213223867231     
 -----------
 SUM OF SUM OF SQUARE DIFFERENCES
   old      new      change      %  
   4.9521320830618665        4.4822704221219380       0.46986166093992843       -9.4880680292642037     
 ================================================================================

 New lambda :   0.10000000000000001     
 ~~~~~~~~~~~~~~~~~~~~~~~~~~~~~~~~~~~~~~~~~~~~~~~~~~~~~~~~~
 Iteration :            3

 Starting parameters
   4.3923098765448554        1.9157913462211491     
 Lambda :   0.10000000000000001     

 first partial derivative vector
 -0.15618801490200160      -0.26824613358586324     

 second partial derivative matrix
  0.15302949424221260      -0.28791119480212740     
 -0.28791119480212740       0.68449798895525471     

 matrix alpha
  0.16833244366643388      -0.28791119480212740     
 -0.28791119480212740       0.75294778785078020     

 inverted alpha
   17.169935843756143        6.5654177131753464     
   6.5654177131753446        3.8385892153629095     

 trial parameters
  -5.0576235821567117E-002 -0.13933492884763954     

 Trial sum of squares vector :
   40.554218928149858        14.411835019117238        6.6945812690117350     
 Trial sum of sum of squares is...   61.660635216278834     

 No improvement, adjusting lambda

 ================================================================================
   SUMMARY OF ITERATION           3
 --------------------------------------------------------------------------------
   PARAMETERS
   old      new      change      %  
   4.3923098765448554        4.3923098765448554        0.0000000000000000        0.0000000000000000     
   1.9157913462211491        1.9157913462211491        0.0000000000000000        0.0000000000000000     
 -----------
 SUM OF SQUARE DIFFERENCES
   old      new      change      %  
   2.8684873852298800        2.8684873852298800        0.0000000000000000        0.0000000000000000     
   1.0241928194412664        1.0241928194412664        0.0000000000000000        0.0000000000000000     
  0.58959021745079221       0.58959021745079221        0.0000000000000000        0.0000000000000000     
 -----------
 SUM OF SUM OF SQUARE DIFFERENCES
   old      new      change      %  
   4.4822704221219380        4.4822704221219380        0.0000000000000000        0.0000000000000000     
 ================================================================================

 New lambda :    1.0000000000000000     
 ~~~~~~~~~~~~~~~~~~~~~~~~~~~~~~~~~~~~~~~~~~~~~~~~~~~~~~~~~
 Iteration :            4

 Starting parameters
   4.3923098765448554        1.9157913462211491     
 Lambda :    1.0000000000000000     

 first partial derivative vector
 -0.15618801490200160      -0.26824613358586324     

 second partial derivative matrix
  0.15302949424221260      -0.28791119480212740     
 -0.28791119480212740       0.68449798895525471     

 matrix alpha
  0.30605898848442520      -0.28791119480212740     
 -0.28791119480212740        1.3689959779105094     

 inverted alpha
   4.0731724380721008       0.85662190554448236     
  0.85662190554448236       0.91061701892047386     

 trial parameters
   3.5263436449815657        1.5377277767696844     

 Trial sum of squares vector :
   2.5093105113948089       0.86320948294384126       0.55048024743380108     
 Trial sum of sum of squares is...   3.9230002417724510     

 Adopting new parameters

 ================================================================================
   SUMMARY OF ITERATION           4
 --------------------------------------------------------------------------------
   PARAMETERS
   old      new      change      %  
   4.3923098765448554        3.5263436449815657      -0.86596623156328967       -19.715508602605450     
   1.9157913462211491        1.5377277767696844      -0.37806356945146469       -19.734068127888023     
 -----------
 SUM OF SQUARE DIFFERENCES
   old      new      change      %  
   2.8684873852298800        2.5093105113948089      -0.35917687383507113       -12.521473013425394     
   1.0241928194412664       0.86320948294384126      -0.16098333649742513       -15.718069238685668     
  0.58959021745079221       0.55048024743380108       -3.9109970016991125E-002  -6.6334156943937561     
 -----------
 SUM OF SUM OF SQUARE DIFFERENCES
   old      new      change      %  
   4.4822704221219380        3.9230002417724510       0.55927018034948706       -12.477385960232283     
 ================================================================================

 New lambda :   0.10000000000000001     
 ~~~~~~~~~~~~~~~~~~~~~~~~~~~~~~~~~~~~~~~~~~~~~~~~~~~~~~~~~
 Iteration :            5

 Starting parameters
   3.5263436449815657        1.5377277767696844     
 Lambda :   0.10000000000000001     

 first partial derivative vector
 -0.21297780753532958      -0.38490944395930105     

 second partial derivative matrix
  0.24201353685361054      -0.43275759202477188     
 -0.43275759202477188        1.0400322962607440     

 matrix alpha
  0.26621489053897163      -0.43275759202477188     
 -0.43275759202477188        1.1440355258868184     

 inverted alpha
   9.7547235371006558        3.6899471854344141     
   3.6899471854344137        2.2699056103648418     

 trial parameters
   2.8508493551844261E-002 -0.12185719103092629     

 Trial sum of squares vector :
   25.943825817323116        8.4183342451668111        4.8954346658727044     
 Trial sum of sum of squares is...   39.257594728362633     

 No improvement, adjusting lambda

 ================================================================================
   SUMMARY OF ITERATION           5
 --------------------------------------------------------------------------------
   PARAMETERS
   old      new      change      %  
   3.5263436449815657        3.5263436449815657        0.0000000000000000        0.0000000000000000     
   1.5377277767696844        1.5377277767696844        0.0000000000000000        0.0000000000000000     
 -----------
 SUM OF SQUARE DIFFERENCES
   old      new      change      %  
   2.5093105113948089        2.5093105113948089        0.0000000000000000        0.0000000000000000     
  0.86320948294384126       0.86320948294384126        0.0000000000000000        0.0000000000000000     
  0.55048024743380108       0.55048024743380108        0.0000000000000000        0.0000000000000000     
 -----------
 SUM OF SUM OF SQUARE DIFFERENCES
   old      new      change      %  
   3.9230002417724510        3.9230002417724510        0.0000000000000000        0.0000000000000000     
 ================================================================================

 New lambda :    1.0000000000000000     
 ~~~~~~~~~~~~~~~~~~~~~~~~~~~~~~~~~~~~~~~~~~~~~~~~~~~~~~~~~
 Iteration :            6

 Starting parameters
   3.5263436449815657        1.5377277767696844     
 Lambda :    1.0000000000000000     

 first partial derivative vector
 -0.21297780753532958      -0.38490944395930105     

 second partial derivative matrix
  0.24201353685361054      -0.43275759202477188     
 -0.43275759202477188        1.0400322962607440     

 matrix alpha
  0.48402707370722109      -0.43275759202477188     
 -0.43275759202477188        2.0800645925214880     

 inverted alpha
   2.5381237305096587       0.52805682949720423     
  0.52805682949720423       0.59061656373671212     

 trial parameters
   2.7825255569835465        1.1979294978282615     

 Trial sum of squares vector :
   2.0713417864876171       0.68534915775530580       0.48203481748258487     
 Trial sum of sum of squares is...   3.2387257617255076     

 Adopting new parameters

 ================================================================================
   SUMMARY OF ITERATION           6
 --------------------------------------------------------------------------------
   PARAMETERS
   old      new      change      %  
   3.5263436449815657        2.7825255569835465      -0.74381808799801918       -21.093182142261337     
   1.5377277767696844        1.1979294978282615      -0.33979827894142289       -22.097427390902670     
 -----------
 SUM OF SQUARE DIFFERENCES
   old      new      change      %  
   2.5093105113948089        2.0713417864876171      -0.43796872490719174       -17.453747669663461     
  0.86320948294384126       0.68534915775530580      -0.17786032518853545       -20.604537913783172     
  0.55048024743380108       0.48203481748258487       -6.8445429951216219E-002  -12.433766746453012     
 -----------
 SUM OF SUM OF SQUARE DIFFERENCES
   old      new      change      %  
   3.9230002417724510        3.2387257617255076       0.68427448004694336       -17.442631605288440     
 ================================================================================

 New lambda :   0.10000000000000001     
 ~~~~~~~~~~~~~~~~~~~~~~~~~~~~~~~~~~~~~~~~~~~~~~~~~~~~~~~~~
 Iteration :            7

 Starting parameters
   2.7825255569835465        1.1979294978282615     
 Lambda :   0.10000000000000001     

 first partial derivative vector
 -0.29860537006378002      -0.53478618571543945     

 second partial derivative matrix
  0.39660156704485600      -0.66621695249789303     
 -0.66621695249789303        1.6452462275880695     

 matrix alpha
  0.43626172374934163      -0.66621695249789303     
 -0.66621695249789303        1.8097708503468766     

 inverted alpha
   5.2352614653099030        1.9272163314377129     
   1.9272163314377131        1.2620073920943315     

 trial parameters
  0.18859969881595928       -5.2451767576473962E-002

 Trial sum of squares vector :
   8.9844001471712218        2.8145125739275261        1.8009308577395913     
 Trial sum of sum of squares is...   13.599843578838339     

 No improvement, adjusting lambda

 ================================================================================
   SUMMARY OF ITERATION           7
 --------------------------------------------------------------------------------
   PARAMETERS
   old      new      change      %  
   2.7825255569835465        2.7825255569835465        0.0000000000000000        0.0000000000000000     
   1.1979294978282615        1.1979294978282615        0.0000000000000000        0.0000000000000000     
 -----------
 SUM OF SQUARE DIFFERENCES
   old      new      change      %  
   2.0713417864876171        2.0713417864876171        0.0000000000000000        0.0000000000000000     
  0.68534915775530580       0.68534915775530580        0.0000000000000000        0.0000000000000000     
  0.48203481748258487       0.48203481748258487        0.0000000000000000        0.0000000000000000     
 -----------
 SUM OF SUM OF SQUARE DIFFERENCES
   old      new      change      %  
   3.2387257617255076        3.2387257617255076        0.0000000000000000        0.0000000000000000     
 ================================================================================

 New lambda :    1.0000000000000000     
 ~~~~~~~~~~~~~~~~~~~~~~~~~~~~~~~~~~~~~~~~~~~~~~~~~~~~~~~~~
 Iteration :            8

 Starting parameters
   2.7825255569835465        1.1979294978282615     
 Lambda :    1.0000000000000000     

 first partial derivative vector
 -0.29860537006378002      -0.53478618571543945     

 second partial derivative matrix
  0.39660156704485600      -0.66621695249789303     
 -0.66621695249789303        1.6452462275880695     

 matrix alpha
  0.79320313408971199      -0.66621695249789303     
 -0.66621695249789303        3.2904924551761390     

 inverted alpha
   1.5190272878708393       0.30755327485845219     
  0.30755327485845219       0.36617534363635157     

 trial parameters
   2.1644606087860510       0.91026692304850121     

 Trial sum of squares vector :
   1.5647076102173043       0.49134474327654565       0.39104803502107538     
 Trial sum of sum of squares is...   2.4471003885149254     

 Adopting new parameters

 ================================================================================
   SUMMARY OF ITERATION           8
 --------------------------------------------------------------------------------
   PARAMETERS
   old      new      change      %  
   2.7825255569835465        2.1644606087860510      -0.61806494819749558       -22.212372736210245     
   1.1979294978282615       0.91026692304850121      -0.28766257477976032       -24.013314247730499     
 -----------
 SUM OF SQUARE DIFFERENCES
   old      new      change      %  
   2.0713417864876171        1.5647076102173043      -0.50663417627031282       -24.459226361160535     
  0.68534915775530580       0.49134474327654565      -0.19400441447876016       -28.307383511519056     
  0.48203481748258487       0.39104803502107538       -9.0986782461509486E-002  -18.875562337319479     
 -----------
 SUM OF SUM OF SQUARE DIFFERENCES
   old      new      change      %  
   3.2387257617255076        2.4471003885149254       0.79162537321058224       -24.442494717083584     
 ================================================================================

 New lambda :   0.10000000000000001     
 ~~~~~~~~~~~~~~~~~~~~~~~~~~~~~~~~~~~~~~~~~~~~~~~~~~~~~~~~~
 Iteration :            9

 Starting parameters
   2.1644606087860510       0.91026692304850121     
 Lambda :   0.10000000000000001     

 first partial derivative vector
 -0.40934986759516684      -0.72232495250848616     

 second partial derivative matrix
  0.67337832813270981       -1.0364098775823287     
  -1.0364098775823287        2.6741455796353004     

 matrix alpha
  0.74071616094598081       -1.0364098775823287     
  -1.0364098775823287        2.9415601375988305     

 inverted alpha
   2.6627304590863483       0.93816886959486845     
  0.93816886959486812       0.67050387924360533     

 trial parameters
  0.39680946374238291        4.1905937766541612E-002

 Trial sum of squares vector :
   2.0353612968705375       0.63310400110762799       0.42202694946079794     
 Trial sum of sum of squares is...   3.0904922474389633     

 No improvement, adjusting lambda

 ================================================================================
   SUMMARY OF ITERATION           9
 --------------------------------------------------------------------------------
   PARAMETERS
   old      new      change      %  
   2.1644606087860510        2.1644606087860510        0.0000000000000000        0.0000000000000000     
  0.91026692304850121       0.91026692304850121        0.0000000000000000        0.0000000000000000     
 -----------
 SUM OF SQUARE DIFFERENCES
   old      new      change      %  
   1.5647076102173043        1.5647076102173043        0.0000000000000000        0.0000000000000000     
  0.49134474327654565       0.49134474327654565        0.0000000000000000        0.0000000000000000     
  0.39104803502107538       0.39104803502107538        0.0000000000000000        0.0000000000000000     
 -----------
 SUM OF SUM OF SQUARE DIFFERENCES
   old      new      change      %  
   2.4471003885149254        2.4471003885149254        0.0000000000000000        0.0000000000000000     
 ================================================================================

 New lambda :    1.0000000000000000     
 ~~~~~~~~~~~~~~~~~~~~~~~~~~~~~~~~~~~~~~~~~~~~~~~~~~~~~~~~~
 Iteration :           10

 Starting parameters
   2.1644606087860510       0.91026692304850121     
 Lambda :    1.0000000000000000     

 first partial derivative vector
 -0.40934986759516684      -0.72232495250848616     

 second partial derivative matrix
  0.67337832813270981       -1.0364098775823287     
  -1.0364098775823287        2.6741455796353004     

 matrix alpha
   1.3467566562654196       -1.0364098775823287     
  -1.0364098775823287        5.3482911592706008     

 inverted alpha
  0.87266305068509686       0.16910758569369094     
  0.16910758569369094       0.21974584725999172     

 trial parameters
   1.6850854757278921       0.68231484654943997     

 Trial sum of squares vector :
   1.0418315057995213       0.30520785397054873       0.28329341037265515     
 Trial sum of sum of squares is...   1.6303327701427253     

 Adopting new parameters

 ================================================================================
   SUMMARY OF ITERATION          10
 --------------------------------------------------------------------------------
   PARAMETERS
   old      new      change      %  
   2.1644606087860510        1.6850854757278921      -0.47937513305815882       -22.147556352481686     
  0.91026692304850121       0.68231484654943997      -0.22795207649906124       -25.042333268097387     
 -----------
 SUM OF SQUARE DIFFERENCES
   old      new      change      %  
   1.5647076102173043        1.0418315057995213      -0.52287610441778298       -33.416856989988482     
  0.49134474327654565       0.30520785397054873      -0.18613688930599692       -37.883154720398160     
  0.39104803502107538       0.28329341037265515      -0.10775462464842023       -27.555342310469051     
 -----------
 SUM OF SUM OF SQUARE DIFFERENCES
   old      new      change      %  
   2.4471003885149254        1.6303327701427253       0.81676761837220013       -33.376955935505073     
 ================================================================================

 New lambda :   0.10000000000000001     
 ~~~~~~~~~~~~~~~~~~~~~~~~~~~~~~~~~~~~~~~~~~~~~~~~~~~~~~~~~
 Iteration :           11

 Starting parameters
   1.6850854757278921       0.68231484654943997     
 Lambda :   0.10000000000000001     

 first partial derivative vector
 -0.52203697839744911      -0.90926693281644622     

 second partial derivative matrix
   1.1528077627354203       -1.5705502725485592     
  -1.5705502725485592        4.3311700859311646     

 matrix alpha
   1.2680885390089625       -1.5705502725485592     
  -1.5705502725485592        4.7642870945242812     

 inverted alpha
   1.3327013801708818       0.43932585806150187     
  0.43932585806150182       0.35471904034886209     

 trial parameters
  0.58990159865083980       0.13043620924554389     

 Trial sum of squares vector :
  0.34619761195485360       0.11011484052950106        7.1436556974824886E-002
 Trial sum of sum of squares is...  0.52774900945917957     

 Adopting new parameters

 ================================================================================
   SUMMARY OF ITERATION          11
 --------------------------------------------------------------------------------
   PARAMETERS
   old      new      change      %  
   1.6850854757278921       0.58990159865083980       -1.0951838770770523       -64.992778873960390     
  0.68231484654943997       0.13043620924554389      -0.55187863730389608       -80.883281390522612     
 -----------
 SUM OF SQUARE DIFFERENCES
   old      new      change      %  
   1.0418315057995213       0.34619761195485360      -0.69563389384466778       -66.770287707015072     
  0.30520785397054873       0.11011484052950106      -0.19509301344104768       -63.921360772017785     
  0.28329341037265515        7.1436556974824886E-002 -0.21185685339783028       -74.783544424540466     
 -----------
 SUM OF SUM OF SQUARE DIFFERENCES
   old      new      change      %  
   1.6303327701427253       0.52774900945917957        1.1025837606835456       -67.629368732312315     
 ================================================================================

 New lambda :    1.0000000000000002E-002
 ~~~~~~~~~~~~~~~~~~~~~~~~~~~~~~~~~~~~~~~~~~~~~~~~~~~~~~~~~
 Iteration :           12

 Starting parameters
  0.58990159865083980       0.13043620924554389     
 Lambda :    1.0000000000000002E-002

 first partial derivative vector
   2.1035957337959315        2.0227935696696142     

 second partial derivative matrix
   13.420941331824631       -2.4461752516417294     
  -2.4461752516417294        30.543958895121428     

 matrix alpha
   13.555150745142877       -2.4461752516417294     
  -2.4461752516417294        30.849398484072641     

 inverted alpha
   7.4843669445150543E-002   5.9346613203270409E-003
   5.9346613203270409E-003   3.2886126521152387E-002

 trial parameters
  0.75934701715421593       0.20944218273883600     

 Trial sum of squares vector :
   1.1816304959406183E-002   4.5298087610247187E-003   1.8356918195686039E-003
 Trial sum of sum of squares is...   1.8181805539999506E-002

 Adopting new parameters

 ================================================================================
   SUMMARY OF ITERATION          12
 --------------------------------------------------------------------------------
   PARAMETERS
   old      new      change      %  
  0.58990159865083980       0.75934701715421593       0.16944541850337613        28.724353161766928     
  0.13043620924554389       0.20944218273883600        7.9005973493292109E-002   60.570583851118172     
 -----------
 SUM OF SQUARE DIFFERENCES
   old      new      change      %  
  0.34619761195485360        1.1816304959406183E-002 -0.33438130699544744       -96.586832331776137     
  0.11011484052950106        4.5298087610247187E-003 -0.10558503176847633       -95.886286771844226     
   7.1436556974824886E-002   1.8356918195686039E-003  -6.9600865155256278E-002  -97.430318736924107     
 -----------
 SUM OF SUM OF SQUARE DIFFERENCES
   old      new      change      %  
  0.52774900945917957        1.8181805539999506E-002  0.50956720391918009       -96.554838528521046     
 ================================================================================

 New lambda :    1.0000000000000002E-003
 ~~~~~~~~~~~~~~~~~~~~~~~~~~~~~~~~~~~~~~~~~~~~~~~~~~~~~~~~~
 Iteration :           13

 Starting parameters
  0.75934701715421593       0.20944218273883600     
 Lambda :    1.0000000000000002E-003

 first partial derivative vector
  0.28551070765104675       0.22440044038970600     

 second partial derivative matrix
   7.3477351211485233       -3.4845250304819242     
  -3.4845250304819242        19.943807160529165     

 matrix alpha
   7.3550828562696706       -3.4845250304819242     
  -3.4845250304819242        19.963750967689691     

 inverted alpha
  0.14821655190270541        2.5870102561015275E-002
   2.5870102561015275E-002   5.4606222131268624E-002

 trial parameters
  0.80746969218117415       0.22908203432231142     

 Trial sum of squares vector :
   2.5267796335677346E-005   1.1394217697050173E-005   2.8383618078503900E-006
 Trial sum of sum of squares is...   3.9500375840577909E-005

 Adopting new parameters

 ================================================================================
   SUMMARY OF ITERATION          13
 --------------------------------------------------------------------------------
   PARAMETERS
   old      new      change      %  
  0.75934701715421593       0.80746969218117415        4.8122675026958217E-002   6.3373759216578271     
  0.20944218273883600       0.22908203432231142        1.9639851583475421E-002   9.3772187276931405     
 -----------
 SUM OF SQUARE DIFFERENCES
   old      new      change      %  
   1.1816304959406183E-002   2.5267796335677346E-005  -1.1791037163070506E-002  -99.786161609551527     
   4.5298087610247187E-003   1.1394217697050173E-005  -4.5184145433276686E-003  -99.748461396536470     
   1.8356918195686039E-003   2.8383618078503900E-006  -1.8328534577607535E-003  -99.845379176526620     
 -----------
 SUM OF SUM OF SQUARE DIFFERENCES
   old      new      change      %  
   1.8181805539999506E-002   3.9500375840577909E-005   1.8142305164158927E-002  -99.782747781821342     
 ================================================================================

 New lambda :    1.0000000000000003E-004
 ~~~~~~~~~~~~~~~~~~~~~~~~~~~~~~~~~~~~~~~~~~~~~~~~~~~~~~~~~
 Iteration :           14

 Starting parameters
  0.80746969218117415       0.22908203432231142     
 Lambda :    1.0000000000000003E-004

 first partial derivative vector
   1.2829932851751097E-002   7.7639365123482107E-003

 second partial derivative matrix
   6.3432023543680653       -3.4744350297361875     
  -3.4744350297361875        18.049491453286794     

 matrix alpha
   6.3438366746035024       -3.4744350297361875     
  -3.4744350297361875        18.051296402432122     

 inverted alpha
  0.17620858069802839        3.3915861313697018E-002
   3.3915861313697018E-002   6.1925660722150271E-002

 trial parameters
  0.80999375703343335       0.22999795944390744     

 Trial sum of squares vector :
   1.4514799575743388E-010   7.4883525402423669E-011   1.1710989463646152E-011
 Trial sum of sum of squares is...   2.3174251062350370E-010

 Adopting new parameters

 ================================================================================
   SUMMARY OF ITERATION          14
 --------------------------------------------------------------------------------
   PARAMETERS
   old      new      change      %  
  0.80746969218117415       0.80999375703343335        2.5240648522592002E-003  0.31258942307061466     
  0.22908203432231142       0.22999795944390744        9.1592512159602291E-004  0.39982407363614741     
 -----------
 SUM OF SQUARE DIFFERENCES
   old      new      change      %  
   2.5267796335677346E-005   1.4514799575743388E-010  -2.5267651187681587E-005  -99.999425561319910     
   1.1394217697050173E-005   7.4883525402423669E-011  -1.1394142813524771E-005  -99.999342793622233     
   2.8383618078503900E-006   1.1710989463646152E-011  -2.8383500968609264E-006  -99.999587403218612     
 -----------
 SUM OF SUM OF SQUARE DIFFERENCES
   old      new      change      %  
   3.9500375840577909E-005   2.3174251062350370E-010   3.9500144098067284E-005  -99.999413315681963     
 ================================================================================

 New lambda :    1.0000000000000004E-005
 Sum of Sum of Square Difference below cutoff
 %%%%%%%%%%%%%%%%%%%%%%%%%%%%%%%%%%%%%%%%%%%%%%%%%%%%%%%%%%%%%%%%%%%%%%%%

                           SUMMARY OF CALCULATION
 iteration      X^2     parameters
           0   4.9521320830618665        5.5099999999999998        2.2799999999999998     
           1   4.9521320830618665        5.5099999999999998        2.2799999999999998     
           2   4.4822704221219380        4.3923098765448554        1.9157913462211491     
           3   4.4822704221219380        4.3923098765448554        1.9157913462211491     
           4   3.9230002417724510        3.5263436449815657        1.5377277767696844     
           5   3.9230002417724510        3.5263436449815657        1.5377277767696844     
           6   3.2387257617255076        2.7825255569835465        1.1979294978282615     
           7   3.2387257617255076        2.7825255569835465        1.1979294978282615     
           8   2.4471003885149254        2.1644606087860510       0.91026692304850121     
           9   2.4471003885149254        2.1644606087860510       0.91026692304850121     
          10   1.6303327701427253        1.6850854757278921       0.68231484654943997     
          11  0.52774900945917957       0.58990159865083980       0.13043620924554389     
          12   1.8181805539999506E-002  0.75934701715421593       0.20944218273883600     
          13   3.9500375840577909E-005  0.80746969218117415       0.22908203432231142     


 Completed with status:            0
 %%%%%%%%%%%%%%%%%%%%%%%%%%%%%%%%%%%%%%%%%%%%%%%%%%%%%%%%%%%%%%%%%%%%%%%%

